\BOOKMARK [1][-]{section*.1}{blueMath}{}% 1
\BOOKMARK [2][-]{section*.2}{ForestGreenBinomial Expansions}{section*.1}% 2
\BOOKMARK [2][-]{section*.3}{ForestGreenExponentials}{section*.1}% 3
\BOOKMARK [2][-]{section*.4}{ForestGreenMatricies}{section*.1}% 4
\BOOKMARK [3][-]{section*.5}{OrangeSquare Matricies}{section*.4}% 5
\BOOKMARK [3][-]{section*.6}{OrangeSymetric Matricies}{section*.4}% 6
\BOOKMARK [3][-]{section*.7}{OrangeSkew-Symetric Matricies}{section*.4}% 7
\BOOKMARK [2][-]{section*.8}{ForestGreenInverting a 2x2 matrix}{section*.1}% 8
\BOOKMARK [2][-]{section*.9}{ForestGreenDeterminant of a 3x3 matrix}{section*.1}% 9
\BOOKMARK [2][-]{section*.10}{ForestGreenTrig Identities}{section*.1}% 10
\BOOKMARK [2][-]{section*.11}{ForestGreenLeibniz Integral Rule}{section*.1}% 11
\BOOKMARK [2][-]{section*.12}{ForestGreenIntegrals}{section*.1}% 12
\BOOKMARK [3][-]{section*.13}{OrangePolar Coordinates \(,r\)}{section*.12}% 13
\BOOKMARK [3][-]{section*.14}{Orangeu Substitution}{section*.12}% 14
\BOOKMARK [2][-]{section*.15}{ForestGreenDerivatives}{section*.1}% 15
\BOOKMARK [2][-]{section*.16}{ForestGreenLaplace X-Forms}{section*.1}% 16
\BOOKMARK [2][-]{section*.17}{ForestGreenDelta Dirac Function}{section*.1}% 17
\BOOKMARK [1][-]{section*.18}{blueLinearization}{}% 18
\BOOKMARK [1][-]{section*.19}{blueState Transition Matrix, \(t,t0\)}{}% 19
\BOOKMARK [2][-]{section*.20}{ForestGreenWithout intut to the system}{section*.19}% 20
\BOOKMARK [2][-]{section*.21}{ForestGreenWith input to the system}{section*.19}% 21
\BOOKMARK [2][-]{section*.22}{ForestGreenFinding : LTI Systems A}{section*.19}% 22
\BOOKMARK [2][-]{section*.23}{ForestGreenFinding : LTV Systems A\(t\)}{section*.19}% 23
\BOOKMARK [2][-]{section*.24}{ForestGreenProperties of STM}{section*.19}% 24
\BOOKMARK [1][-]{section*.25}{blueDeterministic Asymtotic Observers}{}% 25
\BOOKMARK [1][-]{section*.26}{blueStability}{}% 26
\BOOKMARK [2][-]{section*.27}{ForestGreenAsymtotic Stability}{section*.26}% 27
\BOOKMARK [2][-]{section*.28}{ForestGreenUnstable Systems}{section*.26}% 28
\BOOKMARK [1][-]{section*.29}{blueBIBO Stabile Systems}{}% 29
\BOOKMARK [1][-]{section*.30}{blueObservabilty}{}% 30
\BOOKMARK [2][-]{section*.31}{ForestGreenLTI Systems A}{section*.30}% 31
\BOOKMARK [2][-]{section*.32}{ForestGreenLTV Systems A\(t\)}{section*.30}% 32
\BOOKMARK [1][-]{section*.33}{blueControlability}{}% 33
\BOOKMARK [2][-]{section*.34}{ForestGreenLTI Systems A}{section*.33}% 34
\BOOKMARK [2][-]{section*.35}{ForestGreenLTV Systems A\(t\)}{section*.33}% 35
\BOOKMARK [1][-]{section*.36}{blueDuality}{}% 36
\BOOKMARK [1][-]{section*.37}{blueRandom Vectors}{}% 37
\BOOKMARK [2][-]{section*.38}{ForestGreenExpected Value}{section*.37}% 38
\BOOKMARK [2][-]{section*.39}{ForestGreenMean Value}{section*.37}% 39
\BOOKMARK [2][-]{section*.40}{ForestGreenCovariance}{section*.37}% 40
\BOOKMARK [2][-]{section*.41}{ForestGreenCross-Covariance}{section*.37}% 41
\BOOKMARK [2][-]{section*.42}{ForestGreenVariance of Error}{section*.37}% 42
\BOOKMARK [2][-]{section*.43}{ForestGreenProbability Density Functions}{section*.37}% 43
\BOOKMARK [3][-]{section*.44}{OrangeProperties of PDF}{section*.43}% 44
\BOOKMARK [3][-]{section*.45}{OrangeUniform PDF}{section*.43}% 45
\BOOKMARK [3][-]{section*.46}{OrangeMarginal PDF}{section*.43}% 46
\BOOKMARK [2][-]{section*.47}{ForestGreenCharacteristic Function, x\(s\)}{section*.37}% 47
\BOOKMARK [3][-]{section*.48}{OrangeInversion of, x\(s\)}{section*.47}% 48
\BOOKMARK [2][-]{section*.49}{ForestGreenIndependence}{section*.37}% 49
\BOOKMARK [2][-]{section*.50}{ForestGreenCorrelation}{section*.37}% 50
\BOOKMARK [1][-]{section*.51}{blueGaussian Distribution}{}% 51
\BOOKMARK [2][-]{section*.52}{ForestGreenCharacteristic Function, for a Gaussian vector}{section*.51}% 52
\BOOKMARK [1][-]{section*.53}{blueRandom Process}{}% 53
\BOOKMARK [2][-]{section*.54}{ForestGreenMean Value Function}{section*.53}% 54
\BOOKMARK [2][-]{section*.55}{ForestGreenCovariance Kernal}{section*.53}% 55
\BOOKMARK [2][-]{section*.56}{ForestGreenCross-Covariance Kernal}{section*.53}% 56
\BOOKMARK [2][-]{section*.57}{ForestGreenCovariance Matrix = P\(t,t\)}{section*.53}% 57
\BOOKMARK [2][-]{section*.58}{ForestGreenCross-Covariance Matrix = Pxy\(t,t\)}{section*.53}% 58
\BOOKMARK [2][-]{section*.59}{ForestGreenIndependence}{section*.53}% 59
\BOOKMARK [2][-]{section*.60}{ForestGreenCorrelation}{section*.53}% 60
\BOOKMARK [1][-]{section*.61}{blueGauss-Markov Process}{}% 61
\BOOKMARK [1][-]{section*.62}{blueLinear Gauss-Markov Models}{}% 62
\BOOKMARK [2][-]{section*.63}{ForestGreenStandard Assumptions}{section*.62}% 63
\BOOKMARK [2][-]{section*.64}{ForestGreenProof that x\(t\) is Markov}{section*.62}% 64
\BOOKMARK [2][-]{section*.65}{ForestGreenMean Value Functions, for Eqn. 5}{section*.62}% 65
\BOOKMARK [3][-]{section*.66}{OrangeMean Value Function, \(t\)}{section*.65}% 66
\BOOKMARK [3][-]{section*.67}{OrangeMean Value Function, \(t\)}{section*.65}% 67
\BOOKMARK [2][-]{section*.68}{ForestGreenCovariance Matrixes, for Eqn. 5}{section*.62}% 68
\BOOKMARK [3][-]{section*.69}{OrangeCovariance Matrix, Px\(t\)=P\(t\)}{section*.68}% 69
\BOOKMARK [3][-]{section*.70}{OrangeCovariance Matrix, Py\(t\)}{section*.68}% 70
\BOOKMARK [2][-]{section*.71}{ForestGreenLyapunov Equation}{section*.62}% 71
\BOOKMARK [3][-]{section*.72}{OrangeSteady State Covariance Matrix}{section*.71}% 72
\BOOKMARK [2][-]{section*.73}{ForestGreenCovariance Kernals, for Eqn. 5}{section*.62}% 73
\BOOKMARK [3][-]{section*.74}{OrangeCovariance Kernal, Px\(t,\)}{section*.73}% 74
\BOOKMARK [3][-]{section*.75}{OrangeCovariance Kernal, Py\(t,\)}{section*.73}% 75
\BOOKMARK [1][-]{section*.76}{blueEstimation}{}% 76
\BOOKMARK [2][-]{section*.77}{ForestGreenMean, +=E[x|y]}{section*.76}% 77
\BOOKMARK [2][-]{section*.78}{ForestGreenCovariance, P+=Px|y}{section*.76}% 78
\BOOKMARK [2][-]{section*.79}{ForestGreenBatch Process}{section*.76}% 79
\BOOKMARK [2][-]{section*.80}{ForestGreenSequential Process}{section*.76}% 80
